org.apache.thrift.transport.TTransportException: Could not create ServerSocket on address 0.0.0.0/0.0.0.0:8090.
	at org.apache.thrift.transport.TServerSocket.<init>(TServerSocket.java:109)
	at org.apache.thrift.transport.TServerSocket.<init>(TServerSocket.java:91)
	at org.apache.thrift.transport.TServerSocket.<init>(TServerSocket.java:83)
	at org.apache.thrift.transport.TServerSocket.<init>(TServerSocket.java:76)
	at FEServer.simple_management(Unknown Source)
	at FEServer$2.run(Unknown Source)
	at java.lang.Thread.run(Thread.java:745)
org.apache.thrift.transport.TTransportException: Could not create ServerSocket on address 0.0.0.0/0.0.0.0:9090.
	at org.apache.thrift.transport.TServerSocket.<init>(TServerSocket.java:109)
	at org.apache.thrift.transport.TServerSocket.<init>(TServerSocket.java:91)
	at org.apache.thrift.transport.TServerSocket.<init>(TServerSocket.java:83)
	at org.apache.thrift.transport.TServerSocket.<init>(TServerSocket.java:76)
	at FEServer.simple_password(Unknown Source)
	at FEServer$1.run(Unknown Source)
	at java.lang.Thread.run(Thread.java:745)
org.apache.thrift.transport.TTransportException: java.net.ConnectException: Connection refused
	at org.apache.thrift.transport.TSocket.open(TSocket.java:187)
	at FEServer.contactFESeed(Unknown Source)
	at FEServer.main(Unknown Source)
Caused by: java.net.ConnectException: Connection refused
	at java.net.PlainSocketImpl.socketConnect(Native Method)
	at java.net.AbstractPlainSocketImpl.doConnect(AbstractPlainSocketImpl.java:339)
	at java.net.AbstractPlainSocketImpl.connectToAddress(AbstractPlainSocketImpl.java:200)
	at java.net.AbstractPlainSocketImpl.connect(AbstractPlainSocketImpl.java:182)
	at java.net.SocksSocketImpl.connect(SocksSocketImpl.java:392)
	at java.net.Socket.connect(Socket.java:579)
	at org.apache.thrift.transport.TSocket.open(TSocket.java:182)
	... 2 more
